# JRE version: Java(TM) SE Runtime Environment (7.0_79-b15) (build 1.7.0_79-b15)
# Java VM: Java HotSpot(TM) 64-Bit Server VM (24.79-b02 mixed mode windows-amd64 compressed oops)
Heap
 PSYoungGen      total 24064K, used 7824K [0x00000000eaa80000, 0x00000000ed980000, 0x0000000100000000)
  eden space 20992K, 22% used [0x00000000eaa80000,0x00000000eaf2b140,0x00000000ebf00000)
  from space 3072K, 99% used [0x00000000ebf00000,0x00000000ec1f92a8,0x00000000ec200000)
  to   space 3072K, 0% used [0x00000000ed680000,0x00000000ed680000,0x00000000ed980000)
 ParOldGen       total 54272K, used 8410K [0x00000000c0000000, 0x00000000c3500000, 0x00000000eaa80000)
  object space 54272K, 15% used [0x00000000c0000000,0x00000000c0836b30,0x00000000c3500000)
 PSPermGen       total 21504K, used 5498K [0x00000000bae00000, 0x00000000bc300000, 0x00000000c0000000)
  object space 21504K, 25% used [0x00000000bae00000,0x00000000bb35ea78,0x00000000bc300000)
GC Heap History (4 events):
Event: 5.409 GC heap before
{Heap before GC invocations=1 (full 0):
 PSYoungGen      total 24064K, used 20992K [0x00000000eaa80000, 0x00000000ec500000, 0x0000000100000000)
  eden space 20992K, 100% used [0x00000000eaa80000,0x00000000ebf00000,0x00000000ebf00000)
  from space 3072K, 0% used [0x00000000ec200000,0x00000000ec200000,0x00000000ec500000)
  to   space 3072K, 0% used [0x00000000ebf00000,0x00000000ebf00000,0x00000000ec200000)
 ParOldGen       total 54272K, used 0K [0x00000000c0000000, 0x00000000c3500000, 0x00000000eaa80000)
  object space 54272K, 0% used [0x00000000c0000000,0x00000000c0000000,0x00000000c3500000)
 PSPermGen       total 21504K, used 5344K [0x00000000bae00000, 0x00000000bc300000, 0x00000000c0000000)
  object space 21504K, 24% used [0x00000000bae00000,0x00000000bb338020,0x00000000bc300000)
Event: 5.453 GC heap after
Heap after GC invocations=1 (full 0):
 PSYoungGen      total 24064K, used 3064K [0x00000000eaa80000, 0x00000000ec500000, 0x0000000100000000)
  eden space 20992K, 0% used [0x00000000eaa80000,0x00000000eaa80000,0x00000000ebf00000)
  from space 3072K, 99% used [0x00000000ebf00000,0x00000000ec1fe1d0,0x00000000ec200000)
  to   space 3072K, 0% used [0x00000000ec200000,0x00000000ec200000,0x00000000ec500000)
 ParOldGen       total 54272K, used 2534K [0x00000000c0000000, 0x00000000c3500000, 0x00000000eaa80000)
  object space 54272K, 4% used [0x00000000c0000000,0x00000000c0279b50,0x00000000c3500000)
 PSPermGen       total 21504K, used 5344K [0x00000000bae00000, 0x00000000bc300000, 0x00000000c0000000)
  object space 21504K, 24% used [0x00000000bae00000,0x00000000bb338020,0x00000000bc300000)
}
Event: 8.732 GC heap before
{Heap before GC invocations=2 (full 0):
 PSYoungGen      total 24064K, used 24056K [0x00000000eaa80000, 0x00000000ec500000, 0x0000000100000000)
  eden space 20992K, 100% used [0x00000000eaa80000,0x00000000ebf00000,0x00000000ebf00000)
  from space 3072K, 99% used [0x00000000ebf00000,0x00000000ec1fe1d0,0x00000000ec200000)
  to   space 3072K, 0% used [0x00000000ec200000,0x00000000ec200000,0x00000000ec500000)
 ParOldGen       total 54272K, used 2534K [0x00000000c0000000, 0x00000000c3500000, 0x00000000eaa80000)
  object space 54272K, 4% used [0x00000000c0000000,0x00000000c0279b50,0x00000000c3500000)
 PSPermGen       total 21504K, used 5458K [0x00000000bae00000, 0x00000000bc300000, 0x00000000c0000000)
  object space 21504K, 25% used [0x00000000bae00000,0x00000000bb354b50,0x00000000bc300000)
Event: 8.829 GC heap after
Heap after GC invocations=2 (full 0):
 PSYoungGen      total 24064K, used 3060K [0x00000000eaa80000, 0x00000000ed980000, 0x0000000100000000)
  eden space 20992K, 0% used [0x00000000eaa80000,0x00000000eaa80000,0x00000000ebf00000)
  from space 3072K, 99% used [0x00000000ec200000,0x00000000ec4fd3d0,0x00000000ec500000)
  to   space 3072K, 0% used [0x00000000ebf00000,0x00000000ebf00000,0x00000000ec200000)
 ParOldGen       total 54272K, used 5748K [0x00000000c0000000, 0x00000000c3500000, 0x00000000eaa80000)
  object space 54272K, 10% used [0x00000000c0000000,0x00000000c059d048,0x00000000c3500000)
 PSPermGen       total 21504K, used 5458K [0x00000000bae00000, 0x00000000bc300000, 0x00000000c0000000)
  object space 21504K, 25% used [0x00000000bae00000,0x00000000bb354b50,0x00000000bc300000)
}

