# JRE version: Java(TM) SE Runtime Environment (7.0_79-b15) (build 1.7.0_79-b15)
# Java VM: Java HotSpot(TM) 64-Bit Server VM (24.79-b02 mixed mode windows-amd64 compressed oops)
Heap
 PSYoungGen      total 87040K, used 14660K [0x00000000eaa80000, 0x00000000f8080000, 0x0000000100000000)
  eden space 83968K, 17% used [0x00000000eaa80000,0x00000000eb8d1358,0x00000000efc80000)
  from space 3072K, 0% used [0x00000000efc80000,0x00000000efc80000,0x00000000eff80000)
  to   space 25600K, 0% used [0x00000000f6780000,0x00000000f6780000,0x00000000f8080000)
 ParOldGen       total 54272K, used 41519K [0x00000000c0000000, 0x00000000c3500000, 0x00000000eaa80000)
  object space 54272K, 76% used [0x00000000c0000000,0x00000000c288be88,0x00000000c3500000)
 PSPermGen       total 21504K, used 5563K [0x00000000bae00000, 0x00000000bc300000, 0x00000000c0000000)
  object space 21504K, 25% used [0x00000000bae00000,0x00000000bb36ee40,0x00000000bc300000)
GC Heap History (10 events):
Event: 5.316 GC heap before
{Heap before GC invocations=2 (full 0):
 PSYoungGen      total 24064K, used 24045K [0x00000000eaa80000, 0x00000000ed980000, 0x0000000100000000)
  eden space 20992K, 100% used [0x00000000eaa80000,0x00000000ebf00000,0x00000000ebf00000)
  from space 3072K, 99% used [0x00000000ebf00000,0x00000000ec1fb610,0x00000000ec200000)
  to   space 3072K, 0% used [0x00000000ed680000,0x00000000ed680000,0x00000000ed980000)
 ParOldGen       total 54272K, used 2713K [0x00000000c0000000, 0x00000000c3500000, 0x00000000eaa80000)
  object space 54272K, 4% used [0x00000000c0000000,0x00000000c02a6438,0x00000000c3500000)
 PSPermGen       total 21504K, used 5449K [0x00000000bae00000, 0x00000000bc300000, 0x00000000c0000000)
  object space 21504K, 25% used [0x00000000bae00000,0x00000000bb352738,0x00000000bc300000)
Event: 5.351 GC heap after
Heap after GC invocations=2 (full 0):
 PSYoungGen      total 45056K, used 3060K [0x00000000eaa80000, 0x00000000ed980000, 0x0000000100000000)
  eden space 41984K, 0% used [0x00000000eaa80000,0x00000000eaa80000,0x00000000ed380000)
  from space 3072K, 99% used [0x00000000ed680000,0x00000000ed97d298,0x00000000ed980000)
  to   space 3072K, 0% used [0x00000000ed380000,0x00000000ed380000,0x00000000ed680000)
 ParOldGen       total 54272K, used 10421K [0x00000000c0000000, 0x00000000c3500000, 0x00000000eaa80000)
  object space 54272K, 19% used [0x00000000c0000000,0x00000000c0a2d718,0x00000000c3500000)
 PSPermGen       total 21504K, used 5449K [0x00000000bae00000, 0x00000000bc300000, 0x00000000c0000000)
  object space 21504K, 25% used [0x00000000bae00000,0x00000000bb352738,0x00000000bc300000)
}
Event: 7.275 GC heap before
{Heap before GC invocations=3 (full 0):
 PSYoungGen      total 45056K, used 45044K [0x00000000eaa80000, 0x00000000ed980000, 0x0000000100000000)
  eden space 41984K, 100% used [0x00000000eaa80000,0x00000000ed380000,0x00000000ed380000)
  from space 3072K, 99% used [0x00000000ed680000,0x00000000ed97d298,0x00000000ed980000)
  to   space 3072K, 0% used [0x00000000ed380000,0x00000000ed380000,0x00000000ed680000)
 ParOldGen       total 54272K, used 10421K [0x00000000c0000000, 0x00000000c3500000, 0x00000000eaa80000)
  object space 54272K, 19% used [0x00000000c0000000,0x00000000c0a2d718,0x00000000c3500000)
 PSPermGen       total 21504K, used 5518K [0x00000000bae00000, 0x00000000bc300000, 0x00000000c0000000)
  object space 21504K, 25% used [0x00000000bae00000,0x00000000bb363bb8,0x00000000bc300000)
Event: 7.320 GC heap after
Heap after GC invocations=3 (full 0):
 PSYoungGen      total 45056K, used 3049K [0x00000000eaa80000, 0x00000000f0280000, 0x0000000100000000)
  eden space 41984K, 0% used [0x00000000eaa80000,0x00000000eaa80000,0x00000000ed380000)
  from space 3072K, 99% used [0x00000000ed380000,0x00000000ed67a608,0x00000000ed680000)
  to   space 3072K, 0% used [0x00000000eff80000,0x00000000eff80000,0x00000000f0280000)
 ParOldGen       total 54272K, used 20059K [0x00000000c0000000, 0x00000000c3500000, 0x00000000eaa80000)
  object space 54272K, 36% used [0x00000000c0000000,0x00000000c1396e60,0x00000000c3500000)
 PSPermGen       total 21504K, used 5518K [0x00000000bae00000, 0x00000000bc300000, 0x00000000c0000000)
  object space 21504K, 25% used [0x00000000bae00000,0x00000000bb363bb8,0x00000000bc300000)
}
Event: 10.614 GC heap before
{Heap before GC invocations=4 (full 0):
 PSYoungGen      total 45056K, used 45033K [0x00000000eaa80000, 0x00000000f0280000, 0x0000000100000000)
  eden space 41984K, 100% used [0x00000000eaa80000,0x00000000ed380000,0x00000000ed380000)
  from space 3072K, 99% used [0x00000000ed380000,0x00000000ed67a608,0x00000000ed680000)
  to   space 3072K, 0% used [0x00000000eff80000,0x00000000eff80000,0x00000000f0280000)
 ParOldGen       total 54272K, used 20059K [0x00000000c0000000, 0x00000000c3500000, 0x00000000eaa80000)
  object space 54272K, 36% used [0x00000000c0000000,0x00000000c1396e60,0x00000000c3500000)
 PSPermGen       total 21504K, used 5542K [0x00000000bae00000, 0x00000000bc300000, 0x00000000c0000000)
  object space 21504K, 25% used [0x00000000bae00000,0x00000000bb369978,0x00000000bc300000)
Event: 10.921 GC heap after
Heap after GC invocations=4 (full 0):
 PSYoungGen      total 87040K, used 3048K [0x00000000eaa80000, 0x00000000f0280000, 0x0000000100000000)
  eden space 83968K, 0% used [0x00000000eaa80000,0x00000000eaa80000,0x00000000efc80000)
  from space 3072K, 99% used [0x00000000eff80000,0x00000000f027a0e0,0x00000000f0280000)
  to   space 3072K, 0% used [0x00000000efc80000,0x00000000efc80000,0x00000000eff80000)
 ParOldGen       total 54272K, used 26573K [0x00000000c0000000, 0x00000000c3500000, 0x00000000eaa80000)
  object space 54272K, 48% used [0x00000000c0000000,0x00000000c19f3790,0x00000000c3500000)
 PSPermGen       total 21504K, used 5542K [0x00000000bae00000, 0x00000000bc300000, 0x00000000c0000000)
  object space 21504K, 25% used [0x00000000bae00000,0x00000000bb369978,0x00000000bc300000)
}
Event: 17.539 GC heap before
{Heap before GC invocations=5 (full 0):
 PSYoungGen      total 87040K, used 87016K [0x00000000eaa80000, 0x00000000f0280000, 0x0000000100000000)
  eden space 83968K, 100% used [0x00000000eaa80000,0x00000000efc80000,0x00000000efc80000)
  from space 3072K, 99% used [0x00000000eff80000,0x00000000f027a0e0,0x00000000f0280000)
  to   space 3072K, 0% used [0x00000000efc80000,0x00000000efc80000,0x00000000eff80000)
 ParOldGen       total 54272K, used 26573K [0x00000000c0000000, 0x00000000c3500000, 0x00000000eaa80000)
  object space 54272K, 48% used [0x00000000c0000000,0x00000000c19f3790,0x00000000c3500000)
 PSPermGen       total 21504K, used 5562K [0x00000000bae00000, 0x00000000bc300000, 0x00000000c0000000)
  object space 21504K, 25% used [0x00000000bae00000,0x00000000bb36ebf8,0x00000000bc300000)
Event: 17.818 GC heap after
Heap after GC invocations=5 (full 0):
 PSYoungGen      total 87040K, used 3064K [0x00000000eaa80000, 0x00000000f8080000, 0x0000000100000000)
  eden space 83968K, 0% used [0x00000000eaa80000,0x00000000eaa80000,0x00000000efc80000)
  from space 3072K, 99% used [0x00000000efc80000,0x00000000eff7e0a8,0x00000000eff80000)
  to   space 25600K, 0% used [0x00000000f6780000,0x00000000f6780000,0x00000000f8080000)
 ParOldGen       total 54272K, used 51429K [0x00000000c0000000, 0x00000000c3500000, 0x00000000eaa80000)
  object space 54272K, 94% used [0x00000000c0000000,0x00000000c3239428,0x00000000c3500000)
 PSPermGen       total 21504K, used 5562K [0x00000000bae00000, 0x00000000bc300000, 0x00000000c0000000)
  object space 21504K, 25% used [0x00000000bae00000,0x00000000bb36ebf8,0x00000000bc300000)
}
Event: 17.818 GC heap before
{Heap before GC invocations=6 (full 1):
 PSYoungGen      total 87040K, used 3064K [0x00000000eaa80000, 0x00000000f8080000, 0x0000000100000000)
  eden space 83968K, 0% used [0x00000000eaa80000,0x00000000eaa80000,0x00000000efc80000)
  from space 3072K, 99% used [0x00000000efc80000,0x00000000eff7e0a8,0x00000000eff80000)
  to   space 25600K, 0% used [0x00000000f6780000,0x00000000f6780000,0x00000000f8080000)
 ParOldGen       total 54272K, used 51429K [0x00000000c0000000, 0x00000000c3500000, 0x00000000eaa80000)
  object space 54272K, 94% used [0x00000000c0000000,0x00000000c3239428,0x00000000c3500000)
 PSPermGen       total 21504K, used 5562K [0x00000000bae00000, 0x00000000bc300000, 0x00000000c0000000)
  object space 21504K, 25% used [0x00000000bae00000,0x00000000bb36ebf8,0x00000000bc300000)
Event: 18.735 GC heap after
Heap after GC invocations=6 (full 1):
 PSYoungGen      total 87040K, used 0K [0x00000000eaa80000, 0x00000000f8080000, 0x0000000100000000)
  eden space 83968K, 0% used [0x00000000eaa80000,0x00000000eaa80000,0x00000000efc80000)
  from space 3072K, 0% used [0x00000000efc80000,0x00000000efc80000,0x00000000eff80000)
  to   space 25600K, 0% used [0x00000000f6780000,0x00000000f6780000,0x00000000f8080000)
 ParOldGen       total 54272K, used 41519K [0x00000000c0000000, 0x00000000c3500000, 0x00000000eaa80000)
  object space 54272K, 76% used [0x00000000c0000000,0x00000000c288be88,0x00000000c3500000)
 PSPermGen       total 21504K, used 5559K [0x00000000bae00000, 0x00000000bc300000, 0x00000000c0000000)
  object space 21504K, 25% used [0x00000000bae00000,0x00000000bb36de08,0x00000000bc300000)
}

